mode: set
github.com/PrayasPathak/go-testing/primeapp/main.go:12.13,20.2 6 0
github.com/PrayasPathak/go-testing/primeapp/main.go:22.54,24.6 2 1
github.com/PrayasPathak/go-testing/primeapp/main.go:24.6,26.11 2 1
github.com/PrayasPathak/go-testing/primeapp/main.go:26.11,29.4 2 1
github.com/PrayasPathak/go-testing/primeapp/main.go:30.3,31.11 2 1
github.com/PrayasPathak/go-testing/primeapp/main.go:35.58,37.44 2 1
github.com/PrayasPathak/go-testing/primeapp/main.go:37.44,39.3 1 1
github.com/PrayasPathak/go-testing/primeapp/main.go:40.2,41.16 2 1
github.com/PrayasPathak/go-testing/primeapp/main.go:41.16,43.3 1 1
github.com/PrayasPathak/go-testing/primeapp/main.go:44.2,45.19 2 1
github.com/PrayasPathak/go-testing/primeapp/main.go:48.14,54.2 4 1
github.com/PrayasPathak/go-testing/primeapp/main.go:56.15,58.2 1 1
github.com/PrayasPathak/go-testing/primeapp/main.go:60.36,61.22 1 1
github.com/PrayasPathak/go-testing/primeapp/main.go:61.22,63.3 1 1
github.com/PrayasPathak/go-testing/primeapp/main.go:64.2,64.11 1 1
github.com/PrayasPathak/go-testing/primeapp/main.go:64.11,66.3 1 1
github.com/PrayasPathak/go-testing/primeapp/main.go:68.2,68.28 1 1
github.com/PrayasPathak/go-testing/primeapp/main.go:68.28,69.15 1 1
github.com/PrayasPathak/go-testing/primeapp/main.go:69.15,71.4 1 1
github.com/PrayasPathak/go-testing/primeapp/main.go:73.2,73.54 1 1
