mode: set
github.com/PrayasPathak/go-testing/primeapp/main.go:11.13,19.2 6 0
github.com/PrayasPathak/go-testing/primeapp/main.go:21.40,23.6 2 0
github.com/PrayasPathak/go-testing/primeapp/main.go:23.6,25.11 2 0
github.com/PrayasPathak/go-testing/primeapp/main.go:25.11,28.4 2 0
github.com/PrayasPathak/go-testing/primeapp/main.go:29.3,30.11 2 0
github.com/PrayasPathak/go-testing/primeapp/main.go:34.58,36.44 2 1
github.com/PrayasPathak/go-testing/primeapp/main.go:36.44,38.3 1 1
github.com/PrayasPathak/go-testing/primeapp/main.go:39.2,40.16 2 1
github.com/PrayasPathak/go-testing/primeapp/main.go:40.16,42.3 1 1
github.com/PrayasPathak/go-testing/primeapp/main.go:43.2,44.19 2 1
github.com/PrayasPathak/go-testing/primeapp/main.go:47.14,53.2 4 1
github.com/PrayasPathak/go-testing/primeapp/main.go:55.15,57.2 1 1
github.com/PrayasPathak/go-testing/primeapp/main.go:59.36,60.22 1 1
github.com/PrayasPathak/go-testing/primeapp/main.go:60.22,62.3 1 1
github.com/PrayasPathak/go-testing/primeapp/main.go:63.2,63.11 1 1
github.com/PrayasPathak/go-testing/primeapp/main.go:63.11,65.3 1 1
github.com/PrayasPathak/go-testing/primeapp/main.go:67.2,67.28 1 1
github.com/PrayasPathak/go-testing/primeapp/main.go:67.28,68.15 1 1
github.com/PrayasPathak/go-testing/primeapp/main.go:68.15,70.4 1 1
github.com/PrayasPathak/go-testing/primeapp/main.go:72.2,72.54 1 1
